<?xml version="1.0" encoding="UTF-8"?>
<!-- Generated by org.testng.reporters.JUnitXMLReporter -->
<testsuite hostname="LAPTOP-0VM259J4" ignored="1" name="Test" tests="2" failures="0" timestamp="2022-02-07T13:24:26 IST" time="70.934" errors="0">
  <testcase name="SearchTestCase" time="26.755" classname="com.gcr.scripts.Search"/>
  <testcase name="Login_LogoutTestCase" time="25.471" classname="com.gcr.scripts.Login_Logout"/>
  <testcase name="@BeforeTest generateReport" time="0.0" classname="com.gcr.config.StartBrowser">
    <ignored/>
  </testcase> <!-- @BeforeTest generateReport -->
</testsuite> <!-- Test -->
