<?xml version="1.0" encoding="UTF-8"?>
<testng-results skipped="0" failed="0" ignored="0" total="1" passed="1">
  <reporter-output>
  </reporter-output>
  <suite name="Suite" duration-ms="30433" started-at="2021-12-12T08:00:18 IST" finished-at="2021-12-12T08:00:48 IST">
    <groups>
    </groups>
    <test name="Test" duration-ms="30433" started-at="2021-12-12T08:00:18 IST" finished-at="2021-12-12T08:00:48 IST">
      <class name="com.gcr.scripts.AddProductToCart">
        <test-method status="PASS" signature="generateReport()[pri:0, instance:com.gcr.scripts.AddProductToCart@63e2203c]" name="generateReport" is-config="true" duration-ms="664" started-at="2021-12-12T08:00:18 IST" finished-at="2021-12-12T08:00:19 IST">
          <reporter-output>
          </reporter-output>
        </test-method> <!-- generateReport -->
        <test-method status="PASS" signature="beforeClass()[pri:0, instance:com.gcr.scripts.AddProductToCart@63e2203c]" name="beforeClass" is-config="true" duration-ms="5479" started-at="2021-12-12T08:00:19 IST" finished-at="2021-12-12T08:00:24 IST">
          <reporter-output>
          </reporter-output>
        </test-method> <!-- beforeClass -->
        <test-method status="PASS" signature="methodName(java.lang.reflect.Method)[pri:0, instance:com.gcr.scripts.AddProductToCart@63e2203c]" name="methodName" is-config="true" duration-ms="16" started-at="2021-12-12T08:00:24 IST" finished-at="2021-12-12T08:00:24 IST">
          <params>
            <param index="0">
              <value>
                <![CDATA[public void com.gcr.scripts.AddProductToCart.AddProductToCartTestCase() throws java.lang.Exception]]>
              </value>
            </param>
          </params>
          <reporter-output>
          </reporter-output>
        </test-method> <!-- methodName -->
        <test-method status="PASS" signature="AddProductToCartTestCase()[pri:0, instance:com.gcr.scripts.AddProductToCart@63e2203c]" name="AddProductToCartTestCase" duration-ms="22383" started-at="2021-12-12T08:00:24 IST" finished-at="2021-12-12T08:00:47 IST">
          <reporter-output>
          </reporter-output>
        </test-method> <!-- AddProductToCartTestCase -->
        <test-method status="PASS" signature="afterClass()[pri:0, instance:com.gcr.scripts.AddProductToCart@63e2203c]" name="afterClass" is-config="true" duration-ms="1799" started-at="2021-12-12T08:00:47 IST" finished-at="2021-12-12T08:00:48 IST">
          <reporter-output>
          </reporter-output>
        </test-method> <!-- afterClass -->
      </class> <!-- com.gcr.scripts.AddProductToCart -->
    </test> <!-- Test -->
  </suite> <!-- Suite -->
</testng-results>
